<?xml version="1.0" encoding="UTF-8"?>
<testng-results skipped="0" failed="1" ignored="0" total="3" passed="2">
  <reporter-output>
  </reporter-output>
  <suite name="Default suite" duration-ms="55842" started-at="2021-07-26T05:47:06 EDT" finished-at="2021-07-26T05:48:02 EDT">
    <groups>
    </groups>
    <test name="Default test" duration-ms="55842" started-at="2021-07-26T05:47:06 EDT" finished-at="2021-07-26T05:48:02 EDT">
      <class name="extentReportYoitube.ExtenReportDemo">
        <test-method status="PASS" signature="setExtent()[pri:0, instance:extentReportYoitube.ExtenReportDemo@38bc8ab5]" name="setExtent" is-config="true" duration-ms="107" started-at="2021-07-26T05:47:06 EDT" finished-at="2021-07-26T05:47:06 EDT">
          <reporter-output>
          </reporter-output>
        </test-method> <!-- setExtent -->
        <test-method status="PASS" signature="setupbrowser()[pri:0, instance:extentReportYoitube.ExtenReportDemo@38bc8ab5]" name="setupbrowser" is-config="true" duration-ms="22406" started-at="2021-07-26T05:47:06 EDT" finished-at="2021-07-26T05:47:29 EDT">
          <reporter-output>
          </reporter-output>
        </test-method> <!-- setupbrowser -->
        <test-method status="PASS" signature="signInClick()[pri:0, instance:extentReportYoitube.ExtenReportDemo@38bc8ab5]" name="signInClick" duration-ms="2659" started-at="2021-07-26T05:47:29 EDT" finished-at="2021-07-26T05:47:32 EDT">
          <reporter-output>
          </reporter-output>
        </test-method> <!-- signInClick -->
        <test-method status="PASS" signature="teardown(org.testng.ITestResult)[pri:0, instance:extentReportYoitube.ExtenReportDemo@38bc8ab5]" name="teardown" is-config="true" duration-ms="656" started-at="2021-07-26T05:47:32 EDT" finished-at="2021-07-26T05:47:32 EDT">
          <params>
            <param index="0">
              <value>
                <![CDATA[[TestResult name=signInClick status=SUCCESS method=ExtenReportDemo.signInClick()[pri:0, instance:extentReportYoitube.ExtenReportDemo@38bc8ab5] output={null}]]]>
              </value>
            </param>
          </params>
          <reporter-output>
          </reporter-output>
        </test-method> <!-- teardown -->
        <test-method status="PASS" signature="setupbrowser()[pri:0, instance:extentReportYoitube.ExtenReportDemo@38bc8ab5]" name="setupbrowser" is-config="true" duration-ms="13709" started-at="2021-07-26T05:47:32 EDT" finished-at="2021-07-26T05:47:46 EDT">
          <reporter-output>
          </reporter-output>
        </test-method> <!-- setupbrowser -->
        <test-method status="PASS" signature="validateLogo()[pri:0, instance:extentReportYoitube.ExtenReportDemo@38bc8ab5]" name="validateLogo" duration-ms="75" started-at="2021-07-26T05:47:46 EDT" finished-at="2021-07-26T05:47:46 EDT">
          <reporter-output>
          </reporter-output>
        </test-method> <!-- validateLogo -->
        <test-method status="PASS" signature="teardown(org.testng.ITestResult)[pri:0, instance:extentReportYoitube.ExtenReportDemo@38bc8ab5]" name="teardown" is-config="true" duration-ms="1067" started-at="2021-07-26T05:47:46 EDT" finished-at="2021-07-26T05:47:47 EDT">
          <params>
            <param index="0">
              <value>
                <![CDATA[[TestResult name=validateLogo status=SUCCESS method=ExtenReportDemo.validateLogo()[pri:0, instance:extentReportYoitube.ExtenReportDemo@38bc8ab5] output={null}]]]>
              </value>
            </param>
          </params>
          <reporter-output>
          </reporter-output>
        </test-method> <!-- teardown -->
        <test-method status="PASS" signature="setupbrowser()[pri:0, instance:extentReportYoitube.ExtenReportDemo@38bc8ab5]" name="setupbrowser" is-config="true" duration-ms="11731" started-at="2021-07-26T05:47:47 EDT" finished-at="2021-07-26T05:47:59 EDT">
          <reporter-output>
          </reporter-output>
        </test-method> <!-- setupbrowser -->
        <test-method status="FAIL" signature="validateTitle()[pri:0, instance:extentReportYoitube.ExtenReportDemo@38bc8ab5]" name="validateTitle" duration-ms="8" started-at="2021-07-26T05:47:59 EDT" finished-at="2021-07-26T05:47:59 EDT">
          <exception class="java.lang.AssertionError">
            <message>
              <![CDATA[expected [amaznv] but found [Amazon.com. Spend less. Smile more.]]]>
            </message>
            <full-stacktrace>
              <![CDATA[java.lang.AssertionError: expected [amaznv] but found [Amazon.com. Spend less. Smile more.]
at org.testng.Assert.fail(Assert.java:99)
at org.testng.Assert.failNotEquals(Assert.java:1037)
at org.testng.Assert.assertEqualsImpl(Assert.java:140)
at org.testng.Assert.assertEquals(Assert.java:122)
at org.testng.Assert.assertEquals(Assert.java:629)
at org.testng.Assert.assertEquals(Assert.java:639)
at extentReportYoitube.ExtenReportDemo.validateTitle(ExtenReportDemo.java:75)
at sun.reflect.NativeMethodAccessorImpl.invoke0(Native Method)
at sun.reflect.NativeMethodAccessorImpl.invoke(Unknown Source)
at sun.reflect.DelegatingMethodAccessorImpl.invoke(Unknown Source)
at java.lang.reflect.Method.invoke(Unknown Source)
at org.testng.internal.MethodInvocationHelper.invokeMethod(MethodInvocationHelper.java:133)
at org.testng.internal.TestInvoker.invokeMethod(TestInvoker.java:598)
at org.testng.internal.TestInvoker.invokeTestMethod(TestInvoker.java:173)
at org.testng.internal.MethodRunner.runInSequence(MethodRunner.java:46)
at org.testng.internal.TestInvoker$MethodInvocationAgent.invoke(TestInvoker.java:824)
at org.testng.internal.TestInvoker.invokeTestMethods(TestInvoker.java:146)
at org.testng.internal.TestMethodWorker.invokeTestMethods(TestMethodWorker.java:146)
at org.testng.internal.TestMethodWorker.run(TestMethodWorker.java:128)
at java.util.ArrayList.forEach(Unknown Source)
at org.testng.TestRunner.privateRun(TestRunner.java:794)
at org.testng.TestRunner.run(TestRunner.java:596)
at org.testng.SuiteRunner.runTest(SuiteRunner.java:377)
at org.testng.SuiteRunner.runSequentially(SuiteRunner.java:371)
at org.testng.SuiteRunner.privateRun(SuiteRunner.java:332)
at org.testng.SuiteRunner.run(SuiteRunner.java:276)
at org.testng.SuiteRunnerWorker.runSuite(SuiteRunnerWorker.java:53)
at org.testng.SuiteRunnerWorker.run(SuiteRunnerWorker.java:96)
at org.testng.TestNG.runSuitesSequentially(TestNG.java:1212)
at org.testng.TestNG.runSuitesLocally(TestNG.java:1134)
at org.testng.TestNG.runSuites(TestNG.java:1063)
at org.testng.TestNG.run(TestNG.java:1031)
at org.testng.remote.AbstractRemoteTestNG.run(AbstractRemoteTestNG.java:115)
at org.testng.remote.RemoteTestNG.initAndRun(RemoteTestNG.java:251)
at org.testng.remote.RemoteTestNG.main(RemoteTestNG.java:77)
]]>
            </full-stacktrace>
          </exception> <!-- java.lang.AssertionError -->
          <reporter-output>
          </reporter-output>
        </test-method> <!-- validateTitle -->
        <test-method status="PASS" signature="teardown(org.testng.ITestResult)[pri:0, instance:extentReportYoitube.ExtenReportDemo@38bc8ab5]" name="teardown" is-config="true" duration-ms="3142" started-at="2021-07-26T05:47:59 EDT" finished-at="2021-07-26T05:48:02 EDT">
          <params>
            <param index="0">
              <value>
                <![CDATA[[TestResult name=validateTitle status=FAILURE method=ExtenReportDemo.validateTitle()[pri:0, instance:extentReportYoitube.ExtenReportDemo@38bc8ab5] output={null}]]]>
              </value>
            </param>
          </params>
          <reporter-output>
          </reporter-output>
        </test-method> <!-- teardown -->
        <test-method status="PASS" signature="endReport()[pri:0, instance:extentReportYoitube.ExtenReportDemo@38bc8ab5]" name="endReport" is-config="true" duration-ms="245" started-at="2021-07-26T05:48:02 EDT" finished-at="2021-07-26T05:48:02 EDT">
          <reporter-output>
          </reporter-output>
        </test-method> <!-- endReport -->
      </class> <!-- extentReportYoitube.ExtenReportDemo -->
    </test> <!-- Default test -->
  </suite> <!-- Default suite -->
</testng-results>
